Flutter crash report.
Please report a bug at https://github.com/flutter/flutter/issues.

## command

flutter run -d chrome

## exception

FileSystemException: FileSystemException: writeFrom failed, path = 'C:\Users\carme\AppData\Local\Temp\flutter_tools.5ec8b78\flutter_tools.f3ea7fed\web_entrypoint.dart' (OS Error: There is not enough space on the disk.
, errno = 112)

```
#0      _RandomAccessFile.writeFromSync (dart:io/file_impl.dart:873:7)
#1      _File.writeAsBytesSync (dart:io/file_impl.dart:606:14)
#2      _File.writeAsStringSync (dart:io/file_impl.dart:628:5)
#3      ForwardingFile.writeAsStringSync (package:file/src/forwarding/forwarding_file.dart:147:16)
#4      ResidentWebRunner._generateEntrypoint (package:flutter_tools/src/isolated/resident_web_runner.dart:492:14)
<asynchronous suspension>
#5      ResidentWebRunner._updateDevFS (package:flutter_tools/src/isolated/resident_web_runner.dart:521:16)
<asynchronous suspension>
#6      ResidentWebRunner.run.<anonymous closure> (package:flutter_tools/src/isolated/resident_web_runner.dart:287:41)
<asynchronous suspension>
#7      asyncGuard.<anonymous closure> (package:flutter_tools/src/base/async_guard.dart:111:24)
<asynchronous suspension>
```

## flutter doctor

```
[✓] Flutter (Channel stable, 3.0.2-0.0.pre.2, on Microsoft Windows [Version 10.0.22000.856], locale en-US)
    • Flutter version 3.0.2-0.0.pre.2 at D:\Desctop\flutter_windows_2.8.1-stable\flutter
    • Upstream repository https://github.com/flutter/flutter.git
    • Framework revision 7b259566f6 (8 months ago), 2022-05-23 12:53:29 +0200
    • Engine revision caaafc5604
    • Dart version 2.17.1
    • DevTools version 2.12.2

[!] Android toolchain - develop for Android devices (Android SDK version 30.0.1)
    • Android SDK at C:\Users\carme\AppData\Local\Android\sdk
    • Platform android-30, build-tools 30.0.1
    ✗ No Java Development Kit (JDK) found; You must have the environment variable JAVA_HOME set and the java binary in your PATH. You can download
      the JDK from https://www.oracle.com/technetwork/java/javase/downloads/.

[✓] Chrome - develop for the web
    • Chrome at C:\Program Files (x86)\Google\Chrome\Application\chrome.exe

[✗] Visual Studio - develop for Windows
    ✗ Visual Studio not installed; this is necessary for Windows development.
      Download at https://visualstudio.microsoft.com/downloads/.
      Please install the "Desktop development with C++" workload, including all of its default components

[!] Android Studio (not installed)
    • Android Studio not found; download from https://developer.android.com/studio/index.html
      (or visit https://flutter.dev/docs/get-started/install/windows#android-setup for detailed instructions).

[✓] VS Code (version 1.74.3)
    • VS Code at C:\Users\carme\AppData\Local\Programs\Microsoft VS Code
    • Flutter extension version 3.44.0

[✓] Connected device (3 available)
    • Windows (desktop) • windows • windows-x64    • Microsoft Windows [Version 10.0.22000.856]
    • Chrome (web)      • chrome  • web-javascript • Google Chrome 108.0.5359.126
    • Edge (web)        • edge    • web-javascript • Microsoft Edge 109.0.1518.55

[✓] HTTP Host Availability
    • All required HTTP hosts are available

! Doctor found issues in 3 categories.
```
